TN:
SF:/Users/saravieira/Projects/styled-loaders/packages/styled-loaders-preact/components/DotScale/index.js
FN:7,(anonymous_0)
FN:17,(anonymous_1)
FN:18,(anonymous_2)
FN:23,(anonymous_3)
FNF:4
FNH:0
FNDA:0,(anonymous_0)
FNDA:0,(anonymous_1)
FNDA:0,(anonymous_2)
FNDA:0,(anonymous_3)
DA:7,1
DA:8,0
DA:16,0
DA:17,0
DA:18,0
DA:23,0
DA:26,0
DA:28,0
DA:30,0
DA:40,1
LF:10
LH:2
BRDA:17,0,0,0
BRDA:17,0,1,0
BRDA:18,1,0,0
BRDA:18,1,1,0
BRDA:23,2,0,0
BRDA:23,2,1,0
BRF:6
BRH:0
end_of_record
TN:
SF:/Users/saravieira/Projects/styled-loaders/packages/styled-loaders-preact/utils/animations.js
FNF:0
FNH:0
DA:3,1
DA:15,1
DA:23,1
DA:31,1
DA:45,1
DA:54,1
DA:58,1
DA:66,1
LF:8
LH:8
BRF:0
BRH:0
end_of_record
TN:
SF:/Users/saravieira/Projects/styled-loaders/packages/styled-loaders-preact/utils/defaults.js
FN:1,(anonymous_0)
FN:3,(anonymous_1)
FNF:2
FNH:0
FNDA:0,(anonymous_0)
FNDA:0,(anonymous_1)
DA:1,1
DA:3,1
LF:2
LH:2
BRDA:1,0,0,0
BRDA:1,0,1,0
BRDA:3,1,0,0
BRDA:3,1,1,0
BRF:4
BRH:0
end_of_record
