{"/Users/saravieira/Projects/styled-loaders/packages/styled-loaders-preact/components/DotScale/index.js": {"path":"/Users/saravieira/Projects/styled-loaders/packages/styled-loaders-preact/components/DotScale/index.js","statementMap":{"0":{"start":{"line":7,"column":17},"end":{"line":36,"column":1}},"1":{"start":{"line":8,"column":17},"end":{"line":14,"column":2}},"2":{"start":{"line":16,"column":20},"end":{"line":24,"column":2}},"3":{"start":{"line":17,"column":21},"end":{"line":17,"column":59}},"4":{"start":{"line":18,"column":22},"end":{"line":18,"column":60}},"5":{"start":{"line":23,"column":34},"end":{"line":23,"column":74}},"6":{"start":{"line":26,"column":14},"end":{"line":26,"column":57}},"7":{"start":{"line":28,"column":14},"end":{"line":28,"column":57}},"8":{"start":{"line":30,"column":1},"end":{"line":35,"column":3}},"9":{"start":{"line":40,"column":0},"end":{"line":65,"column":2}}},"fnMap":{"0":{"name":"(anonymous_0)","decl":{"start":{"line":7,"column":17},"end":{"line":7,"column":18}},"loc":{"start":{"line":7,"column":57},"end":{"line":36,"column":1}},"line":7},"1":{"name":"(anonymous_1)","decl":{"start":{"line":17,"column":11},"end":{"line":17,"column":12}},"loc":{"start":{"line":17,"column":21},"end":{"line":17,"column":59}},"line":17},"2":{"name":"(anonymous_2)","decl":{"start":{"line":18,"column":12},"end":{"line":18,"column":13}},"loc":{"start":{"line":18,"column":22},"end":{"line":18,"column":60}},"line":18},"3":{"name":"(anonymous_3)","decl":{"start":{"line":23,"column":24},"end":{"line":23,"column":25}},"loc":{"start":{"line":23,"column":34},"end":{"line":23,"column":74}},"line":23}},"branchMap":{"0":{"loc":{"start":{"line":17,"column":21},"end":{"line":17,"column":59}},"type":"cond-expr","locations":[{"start":{"line":17,"column":37},"end":{"line":17,"column":50}},{"start":{"line":17,"column":53},"end":{"line":17,"column":59}}],"line":17},"1":{"loc":{"start":{"line":18,"column":22},"end":{"line":18,"column":60}},"type":"cond-expr","locations":[{"start":{"line":18,"column":38},"end":{"line":18,"column":51}},{"start":{"line":18,"column":54},"end":{"line":18,"column":60}}],"line":18},"2":{"loc":{"start":{"line":23,"column":34},"end":{"line":23,"column":74}},"type":"cond-expr","locations":[{"start":{"line":23,"column":51},"end":{"line":23,"column":65}},{"start":{"line":23,"column":68},"end":{"line":23,"column":74}}],"line":23}},"s":{"0":1,"1":0,"2":0,"3":0,"4":0,"5":0,"6":0,"7":0,"8":0,"9":1},"f":{"0":0,"1":0,"2":0,"3":0},"b":{"0":[0,0],"1":[0,0],"2":[0,0]},"_coverageSchema":"332fd63041d2c1bcb487cc26dd0d5f7d97098a6c","hash":"a8e923b92e609e81986a72db803fbfb03d79b0f0"}
,"/Users/saravieira/Projects/styled-loaders/packages/styled-loaders-preact/utils/animations.js": {"path":"/Users/saravieira/Projects/styled-loaders/packages/styled-loaders-preact/utils/animations.js","statementMap":{"0":{"start":{"line":3,"column":27},"end":{"line":13,"column":1}},"1":{"start":{"line":15,"column":23},"end":{"line":21,"column":1}},"2":{"start":{"line":23,"column":23},"end":{"line":29,"column":1}},"3":{"start":{"line":31,"column":20},"end":{"line":43,"column":1}},"4":{"start":{"line":45,"column":21},"end":{"line":52,"column":1}},"5":{"start":{"line":54,"column":22},"end":{"line":56,"column":1}},"6":{"start":{"line":58,"column":22},"end":{"line":64,"column":1}},"7":{"start":{"line":66,"column":20},"end":{"line":72,"column":1}}},"fnMap":{},"branchMap":{},"s":{"0":1,"1":1,"2":1,"3":1,"4":1,"5":1,"6":1,"7":1},"f":{},"b":{},"_coverageSchema":"332fd63041d2c1bcb487cc26dd0d5f7d97098a6c","hash":"07808a33a65f30dd89860ec46de4b8927c2779a0"}
,"/Users/saravieira/Projects/styled-loaders/packages/styled-loaders-preact/utils/defaults.js": {"path":"/Users/saravieira/Projects/styled-loaders/packages/styled-loaders-preact/utils/defaults.js","statementMap":{"0":{"start":{"line":1,"column":23},"end":{"line":1,"column":53}},"1":{"start":{"line":1,"column":32},"end":{"line":1,"column":52}},"2":{"start":{"line":3,"column":24},"end":{"line":3,"column":57}},"3":{"start":{"line":3,"column":34},"end":{"line":3,"column":56}}},"fnMap":{"0":{"name":"(anonymous_0)","decl":{"start":{"line":1,"column":23},"end":{"line":1,"column":24}},"loc":{"start":{"line":1,"column":32},"end":{"line":1,"column":52}},"line":1},"1":{"name":"(anonymous_1)","decl":{"start":{"line":3,"column":24},"end":{"line":3,"column":25}},"loc":{"start":{"line":3,"column":34},"end":{"line":3,"column":56}},"line":3}},"branchMap":{"0":{"loc":{"start":{"line":1,"column":32},"end":{"line":1,"column":52}},"type":"cond-expr","locations":[{"start":{"line":1,"column":39},"end":{"line":1,"column":43}},{"start":{"line":1,"column":46},"end":{"line":1,"column":52}}],"line":1},"1":{"loc":{"start":{"line":3,"column":34},"end":{"line":3,"column":56}},"type":"cond-expr","locations":[{"start":{"line":3,"column":42},"end":{"line":3,"column":47}},{"start":{"line":3,"column":50},"end":{"line":3,"column":56}}],"line":3}},"s":{"0":1,"1":0,"2":1,"3":0},"f":{"0":0,"1":0},"b":{"0":[0,0],"1":[0,0]},"_coverageSchema":"332fd63041d2c1bcb487cc26dd0d5f7d97098a6c","hash":"80a4b8d86537626d2fe3d0b15a86617feb053c61"}
}
